{"type":"server-started","port":55745,"host":"127.0.0.1","url_host":"localhost","url":"http://localhost:55745","screen_dir":"/Users/chaitanyadavuluri/Desktop/SustainableMemory/.superpowers/brainstorm/5497-1776543082/content","state_dir":"/Users/chaitanyadavuluri/Desktop/SustainableMemory/.superpowers/brainstorm/5497-1776543082/state"}
{"type":"screen-added","file":"/Users/chaitanyadavuluri/Desktop/SustainableMemory/.superpowers/brainstorm/5497-1776543082/content/intro.html"}
{"type":"screen-updated","file":"/Users/chaitanyadavuluri/Desktop/SustainableMemory/.superpowers/brainstorm/5497-1776543082/content/intro.html"}
{"type":"screen-updated","file":"/Users/chaitanyadavuluri/Desktop/SustainableMemory/.superpowers/brainstorm/5497-1776543082/content/intro.html"}
{"type":"screen-updated","file":"/Users/chaitanyadavuluri/Desktop/SustainableMemory/.superpowers/brainstorm/5497-1776543082/content/intro.html"}
{"type":"screen-added","file":"/Users/chaitanyadavuluri/Desktop/SustainableMemory/.superpowers/brainstorm/5497-1776543082/content/waiting.html"}
{"type":"screen-updated","file":"/Users/chaitanyadavuluri/Desktop/SustainableMemory/.superpowers/brainstorm/5497-1776543082/content/waiting.html"}
{"type":"screen-updated","file":"/Users/chaitanyadavuluri/Desktop/SustainableMemory/.superpowers/brainstorm/5497-1776543082/content/waiting.html"}
{"type":"screen-added","file":"/Users/chaitanyadavuluri/Desktop/SustainableMemory/.superpowers/brainstorm/5497-1776543082/content/approaches.html"}
{"type":"screen-updated","file":"/Users/chaitanyadavuluri/Desktop/SustainableMemory/.superpowers/brainstorm/5497-1776543082/content/approaches.html"}
{"type":"screen-updated","file":"/Users/chaitanyadavuluri/Desktop/SustainableMemory/.superpowers/brainstorm/5497-1776543082/content/approaches.html"}
{"type":"screen-updated","file":"/Users/chaitanyadavuluri/Desktop/SustainableMemory/.superpowers/brainstorm/5497-1776543082/content/approaches.html"}
{"type":"screen-added","file":"/Users/chaitanyadavuluri/Desktop/SustainableMemory/.superpowers/brainstorm/5497-1776543082/content/approaches-v2.html"}
{"type":"screen-updated","file":"/Users/chaitanyadavuluri/Desktop/SustainableMemory/.superpowers/brainstorm/5497-1776543082/content/approaches-v2.html"}
{"type":"screen-updated","file":"/Users/chaitanyadavuluri/Desktop/SustainableMemory/.superpowers/brainstorm/5497-1776543082/content/approaches-v2.html"}
{"type":"screen-updated","file":"/Users/chaitanyadavuluri/Desktop/SustainableMemory/.superpowers/brainstorm/5497-1776543082/content/approaches-v2.html"}
{"type":"screen-added","file":"/Users/chaitanyadavuluri/Desktop/SustainableMemory/.superpowers/brainstorm/5497-1776543082/content/design-s1-architecture.html"}
{"type":"screen-updated","file":"/Users/chaitanyadavuluri/Desktop/SustainableMemory/.superpowers/brainstorm/5497-1776543082/content/design-s1-architecture.html"}
{"type":"screen-updated","file":"/Users/chaitanyadavuluri/Desktop/SustainableMemory/.superpowers/brainstorm/5497-1776543082/content/design-s1-architecture.html"}
{"type":"screen-updated","file":"/Users/chaitanyadavuluri/Desktop/SustainableMemory/.superpowers/brainstorm/5497-1776543082/content/design-s1-architecture.html"}
{"type":"screen-added","file":"/Users/chaitanyadavuluri/Desktop/SustainableMemory/.superpowers/brainstorm/5497-1776543082/content/design-s2-graph.html"}
{"type":"screen-updated","file":"/Users/chaitanyadavuluri/Desktop/SustainableMemory/.superpowers/brainstorm/5497-1776543082/content/design-s2-graph.html"}
{"type":"screen-updated","file":"/Users/chaitanyadavuluri/Desktop/SustainableMemory/.superpowers/brainstorm/5497-1776543082/content/design-s2-graph.html"}
{"type":"screen-updated","file":"/Users/chaitanyadavuluri/Desktop/SustainableMemory/.superpowers/brainstorm/5497-1776543082/content/design-s2-graph.html"}
{"type":"screen-added","file":"/Users/chaitanyadavuluri/Desktop/SustainableMemory/.superpowers/brainstorm/5497-1776543082/content/design-s3-hooks.html"}
{"type":"screen-updated","file":"/Users/chaitanyadavuluri/Desktop/SustainableMemory/.superpowers/brainstorm/5497-1776543082/content/design-s3-hooks.html"}
{"type":"screen-updated","file":"/Users/chaitanyadavuluri/Desktop/SustainableMemory/.superpowers/brainstorm/5497-1776543082/content/design-s3-hooks.html"}
{"type":"screen-updated","file":"/Users/chaitanyadavuluri/Desktop/SustainableMemory/.superpowers/brainstorm/5497-1776543082/content/design-s3-hooks.html"}
{"source":"user-event","type":"click","text":"3\n    \n      PostToolUseFailure → Auto-extract error patterns\n      Fires when any tool fails with an error. Provides tool_name, tool_input, and error. Run gyst's error normalizer on the error string and auto-create an error_pattern KB entry — no agent involvement needed. Real failures from real sessions become searchable patterns immediately.\n      KB entries created: error_pattern type, normalized signature, linked to affected file","choice":"failure","id":null,"timestamp":1776544051520}
{"source":"user-event","type":"click","text":"3\n    \n      PostToolUseFailure → Auto-extract error patterns\n      Fires when any tool fails with an error. Provides tool_name, tool_input, and error. Run gyst's error normalizer on the error string and auto-create an error_pattern KB entry — no agent involvement needed. Real failures from real sessions become searchable patterns immediately.\n      KB entries created: error_pattern type, normalized signature, linked to affected file","choice":"failure","id":null,"timestamp":1776544052011}
{"type":"screen-added","file":"/Users/chaitanyadavuluri/Desktop/SustainableMemory/.superpowers/brainstorm/5497-1776543082/content/design-s2b-graph-white.html"}
{"type":"screen-updated","file":"/Users/chaitanyadavuluri/Desktop/SustainableMemory/.superpowers/brainstorm/5497-1776543082/content/design-s2b-graph-white.html"}
{"type":"screen-updated","file":"/Users/chaitanyadavuluri/Desktop/SustainableMemory/.superpowers/brainstorm/5497-1776543082/content/design-s2b-graph-white.html"}
{"type":"screen-updated","file":"/Users/chaitanyadavuluri/Desktop/SustainableMemory/.superpowers/brainstorm/5497-1776543082/content/design-s2b-graph-white.html"}
{"type":"screen-added","file":"/Users/chaitanyadavuluri/Desktop/SustainableMemory/.superpowers/brainstorm/5497-1776543082/content/design-s4-ingestion.html"}
{"type":"screen-updated","file":"/Users/chaitanyadavuluri/Desktop/SustainableMemory/.superpowers/brainstorm/5497-1776543082/content/design-s4-ingestion.html"}
{"type":"screen-updated","file":"/Users/chaitanyadavuluri/Desktop/SustainableMemory/.superpowers/brainstorm/5497-1776543082/content/design-s4-ingestion.html"}
{"type":"screen-updated","file":"/Users/chaitanyadavuluri/Desktop/SustainableMemory/.superpowers/brainstorm/5497-1776543082/content/design-s4-ingestion.html"}
{"type":"server-stopped","reason":"idle timeout"}
